1624 [JavaFX Application Thread] INFO  o.b.f.a.controllers.LoginController - LoginController initialized
8509 [JavaFX Application Thread] ERROR o.b.f.a.controllers.LoginController - Error resolving onAction='#handleNewInjectionTableButton', either the event handler is not in the Namespace or there is an error in the script.
file:/C:/Users/test/IdeaProjects/bds-airport-project/bds-airport-project/target/bds-airport-project-1.0.0.jar!/org/but/feec/airport/fxml/Persons.fxml:28

javafx.fxml.LoadException: Error resolving onAction='#handleNewInjectionTableButton', either the event handler is not in the Namespace or there is an error in the script.
file:/C:/Users/test/IdeaProjects/bds-airport-project/bds-airport-project/target/bds-airport-project-1.0.0.jar!/org/but/feec/airport/fxml/Persons.fxml:28

	at javafx.fxml.FXMLLoader.constructLoadException(FXMLLoader.java:2703)
	at javafx.fxml.FXMLLoader$Element.processEventHandlerAttributes(FXMLLoader.java:620)
	at javafx.fxml.FXMLLoader$ValueElement.processEndElement(FXMLLoader.java:780)
	at javafx.fxml.FXMLLoader.processEndElement(FXMLLoader.java:2924)
	at javafx.fxml.FXMLLoader.loadImpl(FXMLLoader.java:2639)
	at javafx.fxml.FXMLLoader.loadImpl(FXMLLoader.java:2548)
	at javafx.fxml.FXMLLoader.load(FXMLLoader.java:2517)
	at org.but.feec.airport.controllers.LoginController.showPersonsView(LoginController.java:115)
	at org.but.feec.airport.controllers.LoginController.handleSignIn(LoginController.java:102)
	at org.but.feec.airport.controllers.LoginController.lambda$initialize$1(LoginController.java:70)
	at com.sun.javafx.event.CompositeEventHandler.dispatchBubblingEvent(CompositeEventHandler.java:86)
	at com.sun.javafx.event.EventHandlerManager.dispatchBubblingEvent(EventHandlerManager.java:234)
	at com.sun.javafx.event.EventHandlerManager.dispatchBubblingEvent(EventHandlerManager.java:191)
	at com.sun.javafx.event.CompositeEventDispatcher.dispatchBubblingEvent(CompositeEventDispatcher.java:59)
	at com.sun.javafx.event.BasicEventDispatcher.dispatchEvent(BasicEventDispatcher.java:58)
	at com.sun.javafx.event.EventDispatchChainImpl.dispatchEvent(EventDispatchChainImpl.java:114)
	at com.sun.javafx.event.BasicEventDispatcher.dispatchEvent(BasicEventDispatcher.java:56)
	at com.sun.javafx.event.EventDispatchChainImpl.dispatchEvent(EventDispatchChainImpl.java:114)
	at com.sun.javafx.event.BasicEventDispatcher.dispatchEvent(BasicEventDispatcher.java:56)
	at com.sun.javafx.event.EventDispatchChainImpl.dispatchEvent(EventDispatchChainImpl.java:114)
	at com.sun.javafx.event.EventUtil.fireEventImpl(EventUtil.java:74)
	at com.sun.javafx.event.EventUtil.fireEvent(EventUtil.java:54)
	at javafx.event.Event.fireEvent(Event.java:198)
	at javafx.scene.Scene$KeyHandler.process(Scene.java:4064)
	at javafx.scene.Scene.processKeyEvent(Scene.java:2123)
	at javafx.scene.Scene$ScenePeerListener.keyEvent(Scene.java:2591)
	at com.sun.javafx.tk.quantum.GlassViewEventHandler$KeyEventNotification.run(GlassViewEventHandler.java:217)
	at com.sun.javafx.tk.quantum.GlassViewEventHandler$KeyEventNotification.run(GlassViewEventHandler.java:149)
	at java.base/java.security.AccessController.doPrivileged(Native Method)
	at com.sun.javafx.tk.quantum.GlassViewEventHandler.lambda$handleKeyEvent$1(GlassViewEventHandler.java:248)
	at com.sun.javafx.tk.quantum.QuantumToolkit.runWithoutRenderLock(QuantumToolkit.java:412)
	at com.sun.javafx.tk.quantum.GlassViewEventHandler.handleKeyEvent(GlassViewEventHandler.java:247)
	at com.sun.glass.ui.View.handleKeyEvent(View.java:547)
	at com.sun.glass.ui.View.notifyKey(View.java:971)
	at com.sun.glass.ui.win.WinApplication._runLoop(Native Method)
	at com.sun.glass.ui.win.WinApplication.lambda$runLoop$3(WinApplication.java:174)
	at java.base/java.lang.Thread.run(Thread.java:834)
1551 [JavaFX Application Thread] INFO  o.b.f.a.controllers.LoginController - LoginController initialized
7151 [JavaFX Application Thread] INFO  o.b.f.a.c.PersonsController - PersonsController initialized
12802 [JavaFX Application Thread] INFO  o.b.f.a.c.SQLInjectionController - SqlInjectionController initialized
1900 [JavaFX Application Thread] INFO  o.b.f.a.controllers.LoginController - LoginController initialized
11641 [JavaFX Application Thread] INFO  o.b.f.a.c.PersonsController - PersonsController initialized
14836 [JavaFX Application Thread] INFO  o.b.f.a.c.SQLInjectionController - SqlInjectionController initialized
454381 [JavaFX Application Thread] INFO  o.b.f.a.c.SQLInjectionController - SqlInjectionController initialized
1883 [JavaFX Application Thread] INFO  o.b.f.a.controllers.LoginController - LoginController initialized
7979 [JavaFX Application Thread] INFO  o.b.f.a.c.PersonsController - PersonsController initialized
13030 [JavaFX Application Thread] INFO  o.b.f.a.c.SQLInjectionController - SqlInjectionController initialized
1839 [JavaFX Application Thread] INFO  o.b.f.a.controllers.LoginController - LoginController initialized
8283 [JavaFX Application Thread] INFO  o.b.f.a.c.PersonsController - PersonsController initialized
23272 [JavaFX Application Thread] INFO  o.b.f.a.c.PersonsEditController - PersonsEditController initialized
1852 [JavaFX Application Thread] INFO  o.b.f.a.controllers.LoginController - LoginController initialized
8894 [JavaFX Application Thread] INFO  o.b.f.a.c.PersonsController - PersonsController initialized
16358 [JavaFX Application Thread] INFO  o.b.f.a.c.SQLInjectionController - SqlInjectionController initialized
1805 [JavaFX Application Thread] INFO  o.b.f.a.controllers.LoginController - LoginController initialized
8459 [JavaFX Application Thread] INFO  o.b.f.a.c.PersonsController - PersonsController initialized
13420 [JavaFX Application Thread] INFO  o.b.f.a.c.SQLInjectionController - SqlInjectionController initialized
1922 [JavaFX Application Thread] INFO  o.b.f.a.controllers.LoginController - LoginController initialized
1181 [JavaFX Application Thread] INFO  o.b.f.a.controllers.LoginController - LoginController initialized
10658 [JavaFX Application Thread] INFO  o.b.f.a.c.PersonsController - PersonsController initialized
16811 [JavaFX Application Thread] INFO  o.b.f.a.c.SQLInjectionController - SqlInjectionController initialized
1794 [JavaFX Application Thread] INFO  o.b.f.a.controllers.LoginController - LoginController initialized
8282 [JavaFX Application Thread] INFO  o.b.f.a.c.PersonsController - PersonsController initialized
13197 [JavaFX Application Thread] INFO  o.b.f.a.c.SQLInjectionController - SqlInjectionController initialized
1830 [JavaFX Application Thread] INFO  o.b.f.a.controllers.LoginController - LoginController initialized
7950 [JavaFX Application Thread] INFO  o.b.f.a.c.PersonsController - PersonsController initialized
13167 [JavaFX Application Thread] INFO  o.b.f.a.c.SQLInjectionController - SqlInjectionController initialized
