1888 [JavaFX Application Thread] INFO  o.b.f.a.controllers.LoginController - LoginController initialized
12636 [JavaFX Application Thread] INFO  o.b.f.a.c.PersonsController - PersonsController initialized
17008 [JavaFX Application Thread] INFO  o.b.f.a.c.PersonCreateController - PersonCreateController initialized
1720 [JavaFX Application Thread] INFO  o.b.f.a.controllers.LoginController - LoginController initialized
8853 [JavaFX Application Thread] INFO  o.b.f.a.c.PersonsController - PersonsController initialized
13170 [JavaFX Application Thread] INFO  o.b.f.a.c.PersonCreateController - PersonCreateController initialized
1808 [JavaFX Application Thread] INFO  o.b.f.a.controllers.LoginController - LoginController initialized
8540 [JavaFX Application Thread] INFO  o.b.f.a.c.PersonsController - PersonsController initialized
12097 [JavaFX Application Thread] INFO  o.b.f.a.c.PersonCreateController - PersonCreateController initialized
245504 [JavaFX Application Thread] INFO  o.b.f.a.c.PersonCreateController - PersonCreateController initialized
1841 [JavaFX Application Thread] INFO  o.b.f.a.controllers.LoginController - LoginController initialized
8558 [JavaFX Application Thread] INFO  o.b.f.a.c.PersonsController - PersonsController initialized
12395 [JavaFX Application Thread] INFO  o.b.f.a.c.PersonCreateController - PersonCreateController initialized
1530 [JavaFX Application Thread] INFO  o.b.f.a.controllers.LoginController - LoginController initialized
7806 [JavaFX Application Thread] INFO  o.b.f.a.c.PersonsController - PersonsController initialized
10811 [JavaFX Application Thread] INFO  o.b.f.a.c.PersonCreateController - PersonCreateController initialized
1414 [JavaFX Application Thread] INFO  o.b.f.a.controllers.LoginController - LoginController initialized
7723 [JavaFX Application Thread] INFO  o.b.f.a.c.PersonsController - PersonsController initialized
11726 [JavaFX Application Thread] INFO  o.b.f.a.c.PersonCreateController - PersonCreateController initialized
1702 [JavaFX Application Thread] INFO  o.b.f.a.controllers.LoginController - LoginController initialized
7028 [JavaFX Application Thread] INFO  o.b.f.a.c.PersonsController - PersonsController initialized
13035 [JavaFX Application Thread] INFO  o.b.f.a.c.PersonCreateController - PersonCreateController initialized
2182 [JavaFX Application Thread] INFO  o.b.f.a.controllers.LoginController - LoginController initialized
9364 [JavaFX Application Thread] INFO  o.b.f.a.c.PersonsController - PersonsController initialized
16071 [JavaFX Application Thread] INFO  o.b.f.a.c.PersonCreateController - PersonCreateController initialized
1908 [JavaFX Application Thread] INFO  o.b.f.a.controllers.LoginController - LoginController initialized
8036 [JavaFX Application Thread] INFO  o.b.f.a.c.PersonsController - PersonsController initialized
12244 [JavaFX Application Thread] INFO  o.b.f.a.c.PersonCreateController - PersonCreateController initialized
1900 [JavaFX Application Thread] INFO  o.b.f.a.controllers.LoginController - LoginController initialized
1923 [JavaFX Application Thread] INFO  o.b.f.a.controllers.LoginController - LoginController initialized
8990 [JavaFX Application Thread] INFO  o.b.f.a.c.PersonsController - PersonsController initialized
12953 [JavaFX Application Thread] INFO  o.b.f.a.c.PersonCreateController - PersonCreateController initialized
1757 [JavaFX Application Thread] INFO  o.b.f.a.controllers.LoginController - LoginController initialized
11391 [JavaFX Application Thread] INFO  o.b.f.a.c.PersonsController - PersonsController initialized
15459 [JavaFX Application Thread] INFO  o.b.f.a.c.PersonCreateController - PersonCreateController initialized
1005 [JavaFX Application Thread] INFO  o.b.f.a.controllers.LoginController - LoginController initialized
8108 [JavaFX Application Thread] INFO  o.b.f.a.c.PersonsController - PersonsController initialized
12119 [JavaFX Application Thread] INFO  o.b.f.a.c.PersonCreateController - PersonCreateController initialized
1872 [JavaFX Application Thread] INFO  o.b.f.a.controllers.LoginController - LoginController initialized
8580 [JavaFX Application Thread] INFO  o.b.f.a.c.PersonsController - PersonsController initialized
12966 [JavaFX Application Thread] INFO  o.b.f.a.c.PersonCreateController - PersonCreateController initialized
1806 [JavaFX Application Thread] INFO  o.b.f.a.controllers.LoginController - LoginController initialized
17011 [JavaFX Application Thread] INFO  o.b.f.a.c.PersonsController - PersonsController initialized
20651 [JavaFX Application Thread] INFO  o.b.f.a.c.PersonCreateController - PersonCreateController initialized
1244 [JavaFX Application Thread] INFO  o.b.f.a.controllers.LoginController - LoginController initialized
8822 [JavaFX Application Thread] INFO  o.b.f.a.c.PersonsController - PersonsController initialized
12443 [JavaFX Application Thread] INFO  o.b.f.a.c.PersonCreateController - PersonCreateController initialized
1999 [JavaFX Application Thread] INFO  o.b.f.a.controllers.LoginController - LoginController initialized
7474 [JavaFX Application Thread] INFO  o.b.f.a.c.PersonsController - PersonsController initialized
11623 [JavaFX Application Thread] INFO  o.b.f.a.c.PersonCreateController - PersonCreateController initialized
1674 [JavaFX Application Thread] INFO  o.b.f.a.controllers.LoginController - LoginController initialized
8000 [JavaFX Application Thread] INFO  o.b.f.a.c.PersonsController - PersonsController initialized
11080 [JavaFX Application Thread] INFO  o.b.f.a.c.PersonCreateController - PersonCreateController initialized
1913 [JavaFX Application Thread] INFO  o.b.f.a.controllers.LoginController - LoginController initialized
11463 [JavaFX Application Thread] INFO  o.b.f.a.c.PersonsController - PersonsController initialized
16489 [JavaFX Application Thread] INFO  o.b.f.a.c.PersonCreateController - PersonCreateController initialized
1707 [JavaFX Application Thread] INFO  o.b.f.a.controllers.LoginController - LoginController initialized
8110 [JavaFX Application Thread] INFO  o.b.f.a.c.PersonsController - PersonsController initialized
12308 [JavaFX Application Thread] INFO  o.b.f.a.c.PersonCreateController - PersonCreateController initialized
1773 [JavaFX Application Thread] INFO  o.b.f.a.controllers.LoginController - LoginController initialized
11270 [JavaFX Application Thread] INFO  o.b.f.a.c.PersonsController - PersonsController initialized
28841 [JavaFX Application Thread] INFO  o.b.f.a.c.PersonsDetailViewController - PersonsDetailViewController initialized
64943 [JavaFX Application Thread] ERROR o.b.f.a.controllers.LoginController - Controller value already specified.
file:/C:/Users/test/IdeaProjects/bds-airport-project/bds-airport-project/target/bds-airport-project-1.0.0.jar!/org/but/feec/airport/fxml/PersonEdit.fxml:12

javafx.fxml.LoadException: Controller value already specified.
file:/C:/Users/test/IdeaProjects/bds-airport-project/bds-airport-project/target/bds-airport-project-1.0.0.jar!/org/but/feec/airport/fxml/PersonEdit.fxml:12

	at javafx.fxml.FXMLLoader.constructLoadException(FXMLLoader.java:2703)
	at javafx.fxml.FXMLLoader$ValueElement.processAttribute(FXMLLoader.java:924)
	at javafx.fxml.FXMLLoader$InstanceDeclarationElement.processAttribute(FXMLLoader.java:982)
	at javafx.fxml.FXMLLoader$Element.processStartElement(FXMLLoader.java:229)
	at javafx.fxml.FXMLLoader$ValueElement.processStartElement(FXMLLoader.java:754)
	at javafx.fxml.FXMLLoader.processStartElement(FXMLLoader.java:2808)
	at javafx.fxml.FXMLLoader.loadImpl(FXMLLoader.java:2634)
	at javafx.fxml.FXMLLoader.loadImpl(FXMLLoader.java:2548)
	at javafx.fxml.FXMLLoader.load(FXMLLoader.java:2517)
	at org.but.feec.airport.controllers.PersonsController.lambda$initializeTableViewSelection$0(PersonsController.java:98)
	at com.sun.javafx.event.CompositeEventHandler.dispatchBubblingEvent(CompositeEventHandler.java:86)
	at com.sun.javafx.event.EventHandlerManager.dispatchBubblingEvent(EventHandlerManager.java:234)
	at com.sun.javafx.event.EventHandlerManager.dispatchBubblingEvent(EventHandlerManager.java:191)
	at com.sun.javafx.event.BasicEventDispatcher.dispatchEvent(BasicEventDispatcher.java:58)
	at com.sun.javafx.event.EventDispatchChainImpl.dispatchEvent(EventDispatchChainImpl.java:114)
	at com.sun.javafx.event.EventUtil.fireEventImpl(EventUtil.java:74)
	at com.sun.javafx.event.EventUtil.fireEvent(EventUtil.java:49)
	at javafx.event.Event.fireEvent(Event.java:198)
	at javafx.scene.control.MenuItem.fire(MenuItem.java:459)
	at com.sun.javafx.scene.control.ContextMenuContent$MenuItemContainer.doSelect(ContextMenuContent.java:1385)
	at com.sun.javafx.scene.control.ContextMenuContent$MenuItemContainer.lambda$createChildren$12(ContextMenuContent.java:1338)
	at com.sun.javafx.event.CompositeEventHandler$NormalEventHandlerRecord.handleBubblingEvent(CompositeEventHandler.java:247)
	at com.sun.javafx.event.CompositeEventHandler.dispatchBubblingEvent(CompositeEventHandler.java:80)
	at com.sun.javafx.event.EventHandlerManager.dispatchBubblingEvent(EventHandlerManager.java:234)
	at com.sun.javafx.event.EventHandlerManager.dispatchBubblingEvent(EventHandlerManager.java:191)
	at com.sun.javafx.event.CompositeEventDispatcher.dispatchBubblingEvent(CompositeEventDispatcher.java:59)
	at com.sun.javafx.event.BasicEventDispatcher.dispatchEvent(BasicEventDispatcher.java:58)
	at com.sun.javafx.event.EventDispatchChainImpl.dispatchEvent(EventDispatchChainImpl.java:114)
	at com.sun.javafx.event.BasicEventDispatcher.dispatchEvent(BasicEventDispatcher.java:56)
	at com.sun.javafx.event.EventDispatchChainImpl.dispatchEvent(EventDispatchChainImpl.java:114)
	at com.sun.javafx.event.BasicEventDispatcher.dispatchEvent(BasicEventDispatcher.java:56)
	at com.sun.javafx.event.EventDispatchChainImpl.dispatchEvent(EventDispatchChainImpl.java:114)
	at com.sun.javafx.event.BasicEventDispatcher.dispatchEvent(BasicEventDispatcher.java:56)
	at com.sun.javafx.event.EventDispatchChainImpl.dispatchEvent(EventDispatchChainImpl.java:114)
	at com.sun.javafx.event.EventUtil.fireEventImpl(EventUtil.java:74)
	at com.sun.javafx.event.EventUtil.fireEvent(EventUtil.java:54)
	at javafx.event.Event.fireEvent(Event.java:198)
	at javafx.scene.Scene$MouseHandler.process(Scene.java:3856)
	at javafx.scene.Scene.processMouseEvent(Scene.java:1851)
	at javafx.scene.Scene$ScenePeerListener.mouseEvent(Scene.java:2584)
	at com.sun.javafx.tk.quantum.GlassViewEventHandler$MouseEventNotification.run(GlassViewEventHandler.java:409)
	at com.sun.javafx.tk.quantum.GlassViewEventHandler$MouseEventNotification.run(GlassViewEventHandler.java:299)
	at java.base/java.security.AccessController.doPrivileged(Native Method)
	at com.sun.javafx.tk.quantum.GlassViewEventHandler.lambda$handleMouseEvent$2(GlassViewEventHandler.java:447)
	at com.sun.javafx.tk.quantum.QuantumToolkit.runWithoutRenderLock(QuantumToolkit.java:412)
	at com.sun.javafx.tk.quantum.GlassViewEventHandler.handleMouseEvent(GlassViewEventHandler.java:446)
	at com.sun.glass.ui.View.handleMouseEvent(View.java:556)
	at com.sun.glass.ui.View.notifyMouse(View.java:942)
	at com.sun.glass.ui.win.WinApplication._runLoop(Native Method)
	at com.sun.glass.ui.win.WinApplication.lambda$runLoop$3(WinApplication.java:174)
	at java.base/java.lang.Thread.run(Thread.java:834)
